Fri Feb 02 2018 11:46:44 GMT-0500 (-05): GET /
Fri Feb 02 2018 11:47:04 GMT-0500 (-05): GET /about
Fri Feb 02 2018 11:47:59 GMT-0500 (-05): GET /about
Fri Feb 02 2018 11:48:00 GMT-0500 (-05): GET /
Fri Feb 02 2018 11:48:01 GMT-0500 (-05): GET /about
Fri Feb 02 2018 11:54:07 GMT-0500 (-05): GET /about
Fri Feb 02 2018 11:54:19 GMT-0500 (-05): GET /about
Fri Feb 02 2018 11:55:50 GMT-0500 (-05): GET /about
Fri Feb 02 2018 11:55:54 GMT-0500 (-05): GET /help.html
Fri Feb 02 2018 13:49:31 GMT-0500 (-05): GET /help.html
Fri Feb 02 2018 13:49:35 GMT-0500 (-05): GET /
Wed Feb 07 2018 15:54:08 GMT-0500 (-05): GET /
Wed Feb 07 2018 15:54:10 GMT-0500 (-05): GET /about
Wed Feb 07 2018 15:54:11 GMT-0500 (-05): GET /
Wed Feb 07 2018 15:56:09 GMT-0500 (-05): GET /
Wed Feb 07 2018 15:56:10 GMT-0500 (-05): GET /
Wed Feb 07 2018 15:56:11 GMT-0500 (-05): GET /
Wed Feb 07 2018 15:56:11 GMT-0500 (-05): GET /
Wed Feb 07 2018 15:56:20 GMT-0500 (-05): GET /
Wed Feb 07 2018 15:57:17 GMT-0500 (-05): GET /
Wed Feb 07 2018 16:10:20 GMT-0500 (-05): GET /
